# JRE version: OpenJDK Runtime Environment Temurin-17.0.4.1+1 (17.0.4.1+1) (build 17.0.4.1+1)
# Java VM: OpenJDK 64-Bit Server VM Temurin-17.0.4.1+1 (17.0.4.1+1, mixed mode, emulated-client, tiered, compressed oops, compressed class ptrs, g1 gc, windows-amd64)
GC Precious Log:
 CPUs: 12 total, 12 available
 Memory: 16311M
 Large Page Support: Disabled
 NUMA Support: Disabled
 Compressed Oops: Enabled (Zero based)
 Heap Region Size: 2M
 Heap Min Capacity: 8M
 Heap Initial Capacity: 256M
 Heap Max Capacity: 4078M
 Pre-touch: Disabled
 Parallel Workers: 10
 Concurrent Workers: 3
 Concurrent Refinement Workers: 10
 Periodic GC: Disabled
Heap:
 garbage-first heap   total 96256K, used 26749K [0x0000000701200000, 0x0000000800000000)
  region size 2048K, 1 young (2048K), 0 survivors (0K)
 Metaspace       used 46928K, committed 47424K, reserved 1097728K
  class space    used 6391K, committed 6592K, reserved 1048576K
GC Heap History (20 events):
Event: 331923.980 GC heap before
{Heap before GC invocations=15537 (full 15512):
 garbage-first heap   total 96256K, used 26749K [0x0000000701200000, 0x0000000800000000)
  region size 2048K, 1 young (2048K), 0 survivors (0K)
 Metaspace       used 46928K, committed 47424K, reserved 1097728K
  class space    used 6391K, committed 6592K, reserved 1048576K
}
Event: 331924.012 GC heap after
{Heap after GC invocations=15538 (full 15513):
 garbage-first heap   total 96256K, used 26749K [0x0000000701200000, 0x0000000800000000)
  region size 2048K, 0 young (0K), 0 survivors (0K)
 Metaspace       used 46928K, committed 47424K, reserved 1097728K
  class space    used 6391K, committed 6592K, reserved 1048576K
}
Event: 331934.167 GC heap before
{Heap before GC invocations=15538 (full 15513):
 garbage-first heap   total 96256K, used 26749K [0x0000000701200000, 0x0000000800000000)
  region size 2048K, 1 young (2048K), 0 survivors (0K)
 Metaspace       used 46928K, committed 47424K, reserved 1097728K
  class space    used 6391K, committed 6592K, reserved 1048576K
}
Event: 331934.202 GC heap after
{Heap after GC invocations=15539 (full 15514):
 garbage-first heap   total 96256K, used 26749K [0x0000000701200000, 0x0000000800000000)
  region size 2048K, 0 young (0K), 0 survivors (0K)
 Metaspace       used 46928K, committed 47424K, reserved 1097728K
  class space    used 6391K, committed 6592K, reserved 1048576K
}
Event: 331944.371 GC heap before
{Heap before GC invocations=15539 (full 15514):
 garbage-first heap   total 96256K, used 26749K [0x0000000701200000, 0x0000000800000000)
  region size 2048K, 1 young (2048K), 0 survivors (0K)
 Metaspace       used 46928K, committed 47424K, reserved 1097728K
  class space    used 6391K, committed 6592K, reserved 1048576K
}
Event: 331944.400 GC heap after
{Heap after GC invocations=15540 (full 15515):
 garbage-first heap   total 96256K, used 26749K [0x0000000701200000, 0x0000000800000000)
  region size 2048K, 0 young (0K), 0 survivors (0K)
 Metaspace       used 46928K, committed 47424K, reserved 1097728K
  class space    used 6391K, committed 6592K, reserved 1048576K
}
Event: 331954.555 GC heap before
{Heap before GC invocations=15540 (full 15515):
 garbage-first heap   total 96256K, used 26749K [0x0000000701200000, 0x0000000800000000)
  region size 2048K, 1 young (2048K), 0 survivors (0K)
 Metaspace       used 46928K, committed 47424K, reserved 1097728K
  class space    used 6391K, committed 6592K, reserved 1048576K
}
Event: 331954.584 GC heap after
{Heap after GC invocations=15541 (full 15516):
 garbage-first heap   total 96256K, used 26749K [0x0000000701200000, 0x0000000800000000)
  region size 2048K, 0 young (0K), 0 survivors (0K)
 Metaspace       used 46928K, committed 47424K, reserved 1097728K
  class space    used 6391K, committed 6592K, reserved 1048576K
}
Event: 331965.385 GC heap before
{Heap before GC invocations=15541 (full 15516):
 garbage-first heap   total 96256K, used 26749K [0x0000000701200000, 0x0000000800000000)
  region size 2048K, 1 young (2048K), 0 survivors (0K)
 Metaspace       used 46928K, committed 47424K, reserved 1097728K
  class space    used 6391K, committed 6592K, reserved 1048576K
}
Event: 331965.416 GC heap after
{Heap after GC invocations=15542 (full 15517):
 garbage-first heap   total 96256K, used 26749K [0x0000000701200000, 0x0000000800000000)
  region size 2048K, 0 young (0K), 0 survivors (0K)
 Metaspace       used 46928K, committed 47424K, reserved 1097728K
  class space    used 6391K, committed 6592K, reserved 1048576K
}
Event: 331975.579 GC heap before
{Heap before GC invocations=15542 (full 15517):
 garbage-first heap   total 96256K, used 26749K [0x0000000701200000, 0x0000000800000000)
  region size 2048K, 1 young (2048K), 0 survivors (0K)
 Metaspace       used 46928K, committed 47424K, reserved 1097728K
  class space    used 6391K, committed 6592K, reserved 1048576K
}
Event: 331975.606 GC heap after
{Heap after GC invocations=15543 (full 15518):
 garbage-first heap   total 96256K, used 26749K [0x0000000701200000, 0x0000000800000000)
  region size 2048K, 0 young (0K), 0 survivors (0K)
 Metaspace       used 46928K, committed 47424K, reserved 1097728K
  class space    used 6391K, committed 6592K, reserved 1048576K
}
Event: 331985.739 GC heap before
{Heap before GC invocations=15543 (full 15518):
 garbage-first heap   total 96256K, used 26749K [0x0000000701200000, 0x0000000800000000)
  region size 2048K, 1 young (2048K), 0 survivors (0K)
 Metaspace       used 46928K, committed 47424K, reserved 1097728K
  class space    used 6391K, committed 6592K, reserved 1048576K
}
Event: 331985.765 GC heap after
{Heap after GC invocations=15544 (full 15519):
 garbage-first heap   total 96256K, used 26749K [0x0000000701200000, 0x0000000800000000)
  region size 2048K, 0 young (0K), 0 survivors (0K)
 Metaspace       used 46928K, committed 47424K, reserved 1097728K
  class space    used 6391K, committed 6592K, reserved 1048576K
}
Event: 331995.901 GC heap before
{Heap before GC invocations=15544 (full 15519):
 garbage-first heap   total 96256K, used 26749K [0x0000000701200000, 0x0000000800000000)
  region size 2048K, 1 young (2048K), 0 survivors (0K)
 Metaspace       used 46928K, committed 47424K, reserved 1097728K
  class space    used 6391K, committed 6592K, reserved 1048576K
}
Event: 331995.926 GC heap after
{Heap after GC invocations=15545 (full 15520):
 garbage-first heap   total 96256K, used 26749K [0x0000000701200000, 0x0000000800000000)
  region size 2048K, 0 young (0K), 0 survivors (0K)
 Metaspace       used 46928K, committed 47424K, reserved 1097728K
  class space    used 6391K, committed 6592K, reserved 1048576K
}
Event: 332006.060 GC heap before
{Heap before GC invocations=15545 (full 15520):
 garbage-first heap   total 96256K, used 26749K [0x0000000701200000, 0x0000000800000000)
  region size 2048K, 1 young (2048K), 0 survivors (0K)
 Metaspace       used 46928K, committed 47424K, reserved 1097728K
  class space    used 6391K, committed 6592K, reserved 1048576K
}
Event: 332006.090 GC heap after
{Heap after GC invocations=15546 (full 15521):
 garbage-first heap   total 96256K, used 26749K [0x0000000701200000, 0x0000000800000000)
  region size 2048K, 0 young (0K), 0 survivors (0K)
 Metaspace       used 46928K, committed 47424K, reserved 1097728K
  class space    used 6391K, committed 6592K, reserved 1048576K
}
Event: 332016.230 GC heap before
{Heap before GC invocations=15546 (full 15521):
 garbage-first heap   total 96256K, used 26749K [0x0000000701200000, 0x0000000800000000)
  region size 2048K, 1 young (2048K), 0 survivors (0K)
 Metaspace       used 46928K, committed 47424K, reserved 1097728K
  class space    used 6391K, committed 6592K, reserved 1048576K
}
Event: 332016.255 GC heap after
{Heap after GC invocations=15547 (full 15522):
 garbage-first heap   total 96256K, used 26749K [0x0000000701200000, 0x0000000800000000)
  region size 2048K, 0 young (0K), 0 survivors (0K)
 Metaspace       used 46928K, committed 47424K, reserved 1097728K
  class space    used 6391K, committed 6592K, reserved 1048576K
}

